# JRE version: OpenJDK Runtime Environment (8.0_242-b01) (build 1.8.0_242-release-1644-b01)
# Java VM: OpenJDK 64-Bit Server VM (25.242-b01 mixed mode windows-amd64 compressed oops)
Heap:
 PSYoungGen      total 229888K, used 134728K [0x00000000d5580000, 0x00000000e7b00000, 0x0000000100000000)
  eden space 182272K, 58% used [0x00000000d5580000,0x00000000dbd62708,0x00000000e0780000)
  from space 47616K, 59% used [0x00000000e0780000,0x00000000e23490a8,0x00000000e3600000)
  to   space 48128K, 0% used [0x00000000e4c00000,0x00000000e4c00000,0x00000000e7b00000)
 ParOldGen       total 262656K, used 114825K [0x0000000080000000, 0x0000000090080000, 0x00000000d5580000)
  object space 262656K, 43% used [0x0000000080000000,0x00000000870224d8,0x0000000090080000)
 Metaspace       used 103448K, capacity 109942K, committed 110156K, reserved 1144832K
  class space    used 13559K, capacity 14679K, committed 14720K, reserved 1048576K
GC Heap History (10 events):
Event: 1512.799 GC heap before
{Heap before GC invocations=25 (full 3):
 PSYoungGen      total 179712K, used 179672K [0x00000000d5580000, 0x00000000e2580000, 0x0000000100000000)
  eden space 162816K, 100% used [0x00000000d5580000,0x00000000df480000,0x00000000df480000)
  from space 16896K, 99% used [0x00000000e0500000,0x00000000e1576118,0x00000000e1580000)
  to   space 16384K, 0% used [0x00000000e1580000,0x00000000e1580000,0x00000000e2580000)
 ParOldGen       total 136192K, used 50224K [0x0000000080000000, 0x0000000088500000, 0x00000000d5580000)
  object space 136192K, 36% used [0x0000000080000000,0x000000008310c270,0x0000000088500000)
 Metaspace       used 90353K, capacity 95672K, committed 95960K, reserved 1132544K
  class space    used 11814K, capacity 12729K, committed 12800K, reserved 1048576K
Event: 1512.941 GC heap after
Heap after GC invocations=25 (full 3):
 PSYoungGen      total 171520K, used 16370K [0x00000000d5580000, 0x00000000e6100000, 0x0000000100000000)
  eden space 155136K, 0% used [0x00000000d5580000,0x00000000d5580000,0x00000000ded00000)
  from space 16384K, 99% used [0x00000000e1580000,0x00000000e257c978,0x00000000e2580000)
  to   space 41472K, 0% used [0x00000000ded00000,0x00000000ded00000,0x00000000e1580000)
 ParOldGen       total 136192K, used 94486K [0x0000000080000000, 0x0000000088500000, 0x00000000d5580000)
  object space 136192K, 69% used [0x0000000080000000,0x0000000085c45848,0x0000000088500000)
 Metaspace       used 90353K, capacity 95672K, committed 95960K, reserved 1132544K
  class space    used 11814K, capacity 12729K, committed 12800K, reserved 1048576K
}
Event: 1515.312 GC heap before
{Heap before GC invocations=26 (full 3):
 PSYoungGen      total 171520K, used 120439K [0x00000000d5580000, 0x00000000e6100000, 0x0000000100000000)
  eden space 155136K, 67% used [0x00000000d5580000,0x00000000dbb214b8,0x00000000ded00000)
  from space 16384K, 99% used [0x00000000e1580000,0x00000000e257c978,0x00000000e2580000)
  to   space 41472K, 0% used [0x00000000ded00000,0x00000000ded00000,0x00000000e1580000)
 ParOldGen       total 136192K, used 94486K [0x0000000080000000, 0x0000000088500000, 0x00000000d5580000)
  object space 136192K, 69% used [0x0000000080000000,0x0000000085c45848,0x0000000088500000)
 Metaspace       used 92689K, capacity 98294K, committed 98380K, reserved 1134592K
  class space    used 12140K, capacity 13126K, committed 13184K, reserved 1048576K
Event: 1515.370 GC heap after
Heap after GC invocations=26 (full 3):
 PSYoungGen      total 196608K, used 41353K [0x00000000d5580000, 0x00000000e6480000, 0x0000000100000000)
  eden space 155136K, 0% used [0x00000000d5580000,0x00000000d5580000,0x00000000ded00000)
  from space 41472K, 99% used [0x00000000ded00000,0x00000000e1562570,0x00000000e1580000)
  to   space 47616K, 0% used [0x00000000e3600000,0x00000000e3600000,0x00000000e6480000)
 ParOldGen       total 136192K, used 99260K [0x0000000080000000, 0x0000000088500000, 0x00000000d5580000)
  object space 136192K, 72% used [0x0000000080000000,0x00000000860ef230,0x0000000088500000)
 Metaspace       used 92689K, capacity 98294K, committed 98380K, reserved 1134592K
  class space    used 12140K, capacity 13126K, committed 13184K, reserved 1048576K
}
Event: 1515.370 GC heap before
{Heap before GC invocations=27 (full 4):
 PSYoungGen      total 196608K, used 41353K [0x00000000d5580000, 0x00000000e6480000, 0x0000000100000000)
  eden space 155136K, 0% used [0x00000000d5580000,0x00000000d5580000,0x00000000ded00000)
  from space 41472K, 99% used [0x00000000ded00000,0x00000000e1562570,0x00000000e1580000)
  to   space 47616K, 0% used [0x00000000e3600000,0x00000000e3600000,0x00000000e6480000)
 ParOldGen       total 136192K, used 99260K [0x0000000080000000, 0x0000000088500000, 0x00000000d5580000)
  object space 136192K, 72% used [0x0000000080000000,0x00000000860ef230,0x0000000088500000)
 Metaspace       used 92689K, capacity 98294K, committed 98380K, reserved 1134592K
  class space    used 12140K, capacity 13126K, committed 13184K, reserved 1048576K
Event: 1516.061 GC heap after
Heap after GC invocations=27 (full 4):
 PSYoungGen      total 196608K, used 0K [0x00000000d5580000, 0x00000000e6480000, 0x0000000100000000)
  eden space 155136K, 0% used [0x00000000d5580000,0x00000000d5580000,0x00000000ded00000)
  from space 41472K, 0% used [0x00000000ded00000,0x00000000ded00000,0x00000000e1580000)
  to   space 47616K, 0% used [0x00000000e3600000,0x00000000e3600000,0x00000000e6480000)
 ParOldGen       total 262656K, used 114809K [0x0000000080000000, 0x0000000090080000, 0x00000000d5580000)
  object space 262656K, 43% used [0x0000000080000000,0x000000008701e4d8,0x0000000090080000)
 Metaspace       used 92601K, capacity 98050K, committed 98380K, reserved 1134592K
  class space    used 12111K, capacity 13074K, committed 13184K, reserved 1048576K
}
Event: 1518.323 GC heap before
{Heap before GC invocations=28 (full 4):
 PSYoungGen      total 196608K, used 155136K [0x00000000d5580000, 0x00000000e6480000, 0x0000000100000000)
  eden space 155136K, 100% used [0x00000000d5580000,0x00000000ded00000,0x00000000ded00000)
  from space 41472K, 0% used [0x00000000ded00000,0x00000000ded00000,0x00000000e1580000)
  to   space 47616K, 0% used [0x00000000e3600000,0x00000000e3600000,0x00000000e6480000)
 ParOldGen       total 262656K, used 114809K [0x0000000080000000, 0x0000000090080000, 0x00000000d5580000)
  object space 262656K, 43% used [0x0000000080000000,0x000000008701e4d8,0x0000000090080000)
 Metaspace       used 94522K, capacity 100190K, committed 100428K, reserved 1136640K
  class space    used 12395K, capacity 13377K, committed 13440K, reserved 1048576K
Event: 1518.337 GC heap after
Heap after GC invocations=28 (full 4):
 PSYoungGen      total 229888K, used 6885K [0x00000000d5580000, 0x00000000e6580000, 0x0000000100000000)
  eden space 182272K, 0% used [0x00000000d5580000,0x00000000d5580000,0x00000000e0780000)
  from space 47616K, 14% used [0x00000000e3600000,0x00000000e3cb9790,0x00000000e6480000)
  to   space 47616K, 0% used [0x00000000e0780000,0x00000000e0780000,0x00000000e3600000)
 ParOldGen       total 262656K, used 114817K [0x0000000080000000, 0x0000000090080000, 0x00000000d5580000)
  object space 262656K, 43% used [0x0000000080000000,0x00000000870204d8,0x0000000090080000)
 Metaspace       used 94522K, capacity 100190K, committed 100428K, reserved 1136640K
  class space    used 12395K, capacity 13377K, committed 13440K, reserved 1048576K
}
Event: 1527.890 GC heap before
{Heap before GC invocations=29 (full 4):
 PSYoungGen      total 229888K, used 189157K [0x00000000d5580000, 0x00000000e6580000, 0x0000000100000000)
  eden space 182272K, 100% used [0x00000000d5580000,0x00000000e0780000,0x00000000e0780000)
  from space 47616K, 14% used [0x00000000e3600000,0x00000000e3cb9790,0x00000000e6480000)
  to   space 47616K, 0% used [0x00000000e0780000,0x00000000e0780000,0x00000000e3600000)
 ParOldGen       total 262656K, used 114817K [0x0000000080000000, 0x0000000090080000, 0x00000000d5580000)
  object space 262656K, 43% used [0x0000000080000000,0x00000000870204d8,0x0000000090080000)
 Metaspace       used 103377K, capacity 109826K, committed 109900K, reserved 1144832K
  class space    used 13550K, capacity 14669K, committed 14720K, reserved 1048576K
Event: 1527.934 GC heap after
Heap after GC invocations=29 (full 4):
 PSYoungGen      total 229888K, used 28452K [0x00000000d5580000, 0x00000000e7b00000, 0x0000000100000000)
  eden space 182272K, 0% used [0x00000000d5580000,0x00000000d5580000,0x00000000e0780000)
  from space 47616K, 59% used [0x00000000e0780000,0x00000000e23490a8,0x00000000e3600000)
  to   space 48128K, 0% used [0x00000000e4c00000,0x00000000e4c00000,0x00000000e7b00000)
 ParOldGen       total 262656K, used 114825K [0x0000000080000000, 0x0000000090080000, 0x00000000d5580000)
  object space 262656K, 43% used [0x0000000080000000,0x00000000870224d8,0x0000000090080000)
 Metaspace       used 103377K, capacity 109826K, committed 109900K, reserved 1144832K
  class space    used 13550K, capacity 14669K, committed 14720K, reserved 1048576K
}

